C:\Program Files (x86)\Microsoft Visual Studio\2017\Community\Common7\IDE\VC\VCTargets\Microsoft.CppBuild.targets(377,5): warning MSB8004: Output 目录未以斜杠结尾。  此生成实例将添加斜杠，因为必须有这个斜杠才能正确计算 Output 目录。
  stdafx.cpp
  ADOManage.cpp
f:\xhh工作日常\工作项目\mfc_laser\mfc_laser\adomanage.cpp(1405): warning C4996: 'strncpy': This function or variable may be unsafe. Consider using strncpy_s instead. To disable deprecation, use _CRT_SECURE_NO_WARNINGS. See online help for details.
  c:\program files (x86)\windows kits\10\include\10.0.10240.0\ucrt\string.h(340): note: 参见“strncpy”的声明
  AutoCombox.cpp
f:\xhh工作日常\工作项目\mfc_laser\mfc_laser\resource.h(94): warning C4005: “IDC_NO”: 宏重定义
  c:\program files (x86)\microsoft sdks\windows\v7.1a\include\winuser.h(8839): note: 参见“IDC_NO”的前一个定义
  CDZ_Laser.cpp
f:\xhh工作日常\工作项目\mfc_laser\mfc_laser\resource.h(94): warning C4005: “IDC_NO”: 宏重定义
  c:\program files (x86)\microsoft sdks\windows\v7.1a\include\winuser.h(8839): note: 参见“IDC_NO”的前一个定义
f:\xhh工作日常\工作项目\mfc_laser\mfc_laser\baseinterface.h(226): warning C4996: 'wcscpy': This function or variable may be unsafe. Consider using wcscpy_s instead. To disable deprecation, use _CRT_SECURE_NO_WARNINGS. See online help for details.
  c:\program files (x86)\windows kits\10\include\10.0.10240.0\ucrt\corecrt_wstring.h(117): note: 参见“wcscpy”的声明
f:\xhh工作日常\工作项目\mfc_laser\mfc_laser\baseinterface.h(231): warning C4996: 'wcscpy': This function or variable may be unsafe. Consider using wcscpy_s instead. To disable deprecation, use _CRT_SECURE_NO_WARNINGS. See online help for details.
  c:\program files (x86)\windows kits\10\include\10.0.10240.0\ucrt\corecrt_wstring.h(117): note: 参见“wcscpy”的声明
f:\xhh工作日常\工作项目\mfc_laser\mfc_laser\baseinterface.h(235): warning C4996: 'wcscpy': This function or variable may be unsafe. Consider using wcscpy_s instead. To disable deprecation, use _CRT_SECURE_NO_WARNINGS. See online help for details.
  c:\program files (x86)\windows kits\10\include\10.0.10240.0\ucrt\corecrt_wstring.h(117): note: 参见“wcscpy”的声明
f:\xhh工作日常\工作项目\mfc_laser\mfc_laser\cdz_laser.cpp(417): warning C4244: “=”: 从“__int64”转换到“int”，可能丢失数据
f:\xhh工作日常\工作项目\mfc_laser\mfc_laser\cdz_laser.cpp(438): warning C4996: 'wcscpy': This function or variable may be unsafe. Consider using wcscpy_s instead. To disable deprecation, use _CRT_SECURE_NO_WARNINGS. See online help for details.
  c:\program files (x86)\windows kits\10\include\10.0.10240.0\ucrt\corecrt_wstring.h(117): note: 参见“wcscpy”的声明
f:\xhh工作日常\工作项目\mfc_laser\mfc_laser\cdz_laser.cpp(440): warning C4244: “=”: 从“__int64”转换到“int”，可能丢失数据
f:\xhh工作日常\工作项目\mfc_laser\mfc_laser\cdz_laser.cpp(445): warning C4996: '_ui64toa': This function or variable may be unsafe. Consider using _ui64toa_s instead. To disable deprecation, use _CRT_SECURE_NO_WARNINGS. See online help for details.
  c:\program files (x86)\windows kits\10\include\10.0.10240.0\ucrt\stdlib.h(712): note: 参见“_ui64toa”的声明
f:\xhh工作日常\工作项目\mfc_laser\mfc_laser\cdz_laser.cpp(721): warning C4244: “=”: 从“__int64”转换到“int”，可能丢失数据
f:\xhh工作日常\工作项目\mfc_laser\mfc_laser\cdz_laser.cpp(734): warning C4996: '_ui64toa': This function or variable may be unsafe. Consider using _ui64toa_s instead. To disable deprecation, use _CRT_SECURE_NO_WARNINGS. See online help for details.
  c:\program files (x86)\windows kits\10\include\10.0.10240.0\ucrt\stdlib.h(712): note: 参见“_ui64toa”的声明
  CLogInDlg.cpp
f:\xhh工作日常\工作项目\mfc_laser\mfc_laser\resource.h(94): warning C4005: “IDC_NO”: 宏重定义
  c:\program files (x86)\microsoft sdks\windows\v7.1a\include\winuser.h(8839): note: 参见“IDC_NO”的前一个定义
  CMainWindow.cpp
f:\xhh工作日常\工作项目\mfc_laser\mfc_laser\resource.h(94): warning C4005: “IDC_NO”: 宏重定义
  c:\program files (x86)\microsoft sdks\windows\v7.1a\include\winuser.h(8839): note: 参见“IDC_NO”的前一个定义
f:\xhh工作日常\工作项目\mfc_laser\mfc_laser\baseinterface.h(226): warning C4996: 'wcscpy': This function or variable may be unsafe. Consider using wcscpy_s instead. To disable deprecation, use _CRT_SECURE_NO_WARNINGS. See online help for details.
  c:\program files (x86)\windows kits\10\include\10.0.10240.0\ucrt\corecrt_wstring.h(117): note: 参见“wcscpy”的声明
f:\xhh工作日常\工作项目\mfc_laser\mfc_laser\baseinterface.h(231): warning C4996: 'wcscpy': This function or variable may be unsafe. Consider using wcscpy_s instead. To disable deprecation, use _CRT_SECURE_NO_WARNINGS. See online help for details.
  c:\program files (x86)\windows kits\10\include\10.0.10240.0\ucrt\corecrt_wstring.h(117): note: 参见“wcscpy”的声明
f:\xhh工作日常\工作项目\mfc_laser\mfc_laser\baseinterface.h(235): warning C4996: 'wcscpy': This function or variable may be unsafe. Consider using wcscpy_s instead. To disable deprecation, use _CRT_SECURE_NO_WARNINGS. See online help for details.
  c:\program files (x86)\windows kits\10\include\10.0.10240.0\ucrt\corecrt_wstring.h(117): note: 参见“wcscpy”的声明
  ComboListCtrl.cpp
  CSpreadSheet.cpp
  CUnlockDlg.cpp
f:\xhh工作日常\工作项目\mfc_laser\mfc_laser\resource.h(94): warning C4005: “IDC_NO”: 宏重定义
  c:\program files (x86)\microsoft sdks\windows\v7.1a\include\winuser.h(8839): note: 参见“IDC_NO”的前一个定义
  DbConfig.cpp
f:\xhh工作日常\工作项目\mfc_laser\mfc_laser\resource.h(94): warning C4005: “IDC_NO”: 宏重定义
  c:\program files (x86)\microsoft sdks\windows\v7.1a\include\winuser.h(8839): note: 参见“IDC_NO”的前一个定义
  InPlaceCombo.cpp
  InPlaceEdit.cpp
  Laser.cpp
f:\xhh工作日常\工作项目\mfc_laser\mfc_laser\baseinterface.h(226): warning C4996: 'wcscpy': This function or variable may be unsafe. Consider using wcscpy_s instead. To disable deprecation, use _CRT_SECURE_NO_WARNINGS. See online help for details.
  c:\program files (x86)\windows kits\10\include\10.0.10240.0\ucrt\corecrt_wstring.h(117): note: 参见“wcscpy”的声明
f:\xhh工作日常\工作项目\mfc_laser\mfc_laser\baseinterface.h(231): warning C4996: 'wcscpy': This function or variable may be unsafe. Consider using wcscpy_s instead. To disable deprecation, use _CRT_SECURE_NO_WARNINGS. See online help for details.
  c:\program files (x86)\windows kits\10\include\10.0.10240.0\ucrt\corecrt_wstring.h(117): note: 参见“wcscpy”的声明
f:\xhh工作日常\工作项目\mfc_laser\mfc_laser\baseinterface.h(235): warning C4996: 'wcscpy': This function or variable may be unsafe. Consider using wcscpy_s instead. To disable deprecation, use _CRT_SECURE_NO_WARNINGS. See online help for details.
  c:\program files (x86)\windows kits\10\include\10.0.10240.0\ucrt\corecrt_wstring.h(117): note: 参见“wcscpy”的声明
f:\xhh工作日常\工作项目\mfc_laser\mfc_laser\laser.cpp(42): warning C4996: 'wcscpy': This function or variable may be unsafe. Consider using wcscpy_s instead. To disable deprecation, use _CRT_SECURE_NO_WARNINGS. See online help for details.
  c:\program files (x86)\windows kits\10\include\10.0.10240.0\ucrt\corecrt_wstring.h(117): note: 参见“wcscpy”的声明
  LDStartDlg.cpp
f:\xhh工作日常\工作项目\mfc_laser\mfc_laser\resource.h(94): warning C4005: “IDC_NO”: 宏重定义
  c:\program files (x86)\microsoft sdks\windows\v7.1a\include\winuser.h(8839): note: 参见“IDC_NO”的前一个定义
  MarkEzdDll.cpp
  MFC_Laser.cpp
f:\xhh工作日常\工作项目\mfc_laser\mfc_laser\resource.h(94): warning C4005: “IDC_NO”: 宏重定义
  c:\program files (x86)\microsoft sdks\windows\v7.1a\include\winuser.h(8839): note: 参见“IDC_NO”的前一个定义
  MFC_LaserDlg.cpp
f:\xhh工作日常\工作项目\mfc_laser\mfc_laser\resource.h(94): warning C4005: “IDC_NO”: 宏重定义
  c:\program files (x86)\microsoft sdks\windows\v7.1a\include\winuser.h(8839): note: 参见“IDC_NO”的前一个定义
f:\xhh工作日常\工作项目\mfc_laser\mfc_laser\mfc_laserdlg.cpp(894): warning C4996: 'strncpy': This function or variable may be unsafe. Consider using strncpy_s instead. To disable deprecation, use _CRT_SECURE_NO_WARNINGS. See online help for details.
  c:\program files (x86)\windows kits\10\include\10.0.10240.0\ucrt\string.h(340): note: 参见“strncpy”的声明
f:\xhh工作日常\工作项目\mfc_laser\mfc_laser\mfc_laserdlg.cpp(1033): warning C4996: '_ui64toa': This function or variable may be unsafe. Consider using _ui64toa_s instead. To disable deprecation, use _CRT_SECURE_NO_WARNINGS. See online help for details.
  c:\program files (x86)\windows kits\10\include\10.0.10240.0\ucrt\stdlib.h(712): note: 参见“_ui64toa”的声明
f:\xhh工作日常\工作项目\mfc_laser\mfc_laser\mfc_laserdlg.cpp(1261): warning C4996: '_ui64toa': This function or variable may be unsafe. Consider using _ui64toa_s instead. To disable deprecation, use _CRT_SECURE_NO_WARNINGS. See online help for details.
  c:\program files (x86)\windows kits\10\include\10.0.10240.0\ucrt\stdlib.h(712): note: 参见“_ui64toa”的声明
f:\xhh工作日常\工作项目\mfc_laser\mfc_laser\mfc_laserdlg.cpp(1349): warning C4996: '_ui64toa': This function or variable may be unsafe. Consider using _ui64toa_s instead. To disable deprecation, use _CRT_SECURE_NO_WARNINGS. See online help for details.
  c:\program files (x86)\windows kits\10\include\10.0.10240.0\ucrt\stdlib.h(712): note: 参见“_ui64toa”的声明
f:\xhh工作日常\工作项目\mfc_laser\mfc_laser\mfc_laserdlg.cpp(1508): warning C4101: “ComStat”: 未引用的局部变量
f:\xhh工作日常\工作项目\mfc_laser\mfc_laser\mfc_laserdlg.cpp(1509): warning C4101: “dwErrorFlags”: 未引用的局部变量
f:\xhh工作日常\工作项目\mfc_laser\mfc_laser\mfc_laserdlg.cpp(1922): warning C4101: “length”: 未引用的局部变量
f:\xhh工作日常\工作项目\mfc_laser\mfc_laser\mfc_laserdlg.cpp(2689): warning C4101: “ComStat”: 未引用的局部变量
f:\xhh工作日常\工作项目\mfc_laser\mfc_laser\mfc_laserdlg.cpp(2690): warning C4101: “dwErrorFlags”: 未引用的局部变量
f:\xhh工作日常\工作项目\mfc_laser\mfc_laser\mfc_laserdlg.cpp(2743): warning C4101: “ComStat”: 未引用的局部变量
f:\xhh工作日常\工作项目\mfc_laser\mfc_laser\mfc_laserdlg.cpp(2744): warning C4101: “dwErrorFlags”: 未引用的局部变量
f:\xhh工作日常\工作项目\mfc_laser\mfc_laser\mfc_laserdlg.cpp(3353): warning C4018: “<=”: 有符号/无符号不匹配
f:\xhh工作日常\工作项目\mfc_laser\mfc_laser\mfc_laserdlg.cpp(3581): warning C4996: '_ui64toa': This function or variable may be unsafe. Consider using _ui64toa_s instead. To disable deprecation, use _CRT_SECURE_NO_WARNINGS. See online help for details.
  c:\program files (x86)\windows kits\10\include\10.0.10240.0\ucrt\stdlib.h(712): note: 参见“_ui64toa”的声明
f:\xhh工作日常\工作项目\mfc_laser\mfc_laser\mfc_laserdlg.cpp(3650): warning C4996: '_ui64toa': This function or variable may be unsafe. Consider using _ui64toa_s instead. To disable deprecation, use _CRT_SECURE_NO_WARNINGS. See online help for details.
  c:\program files (x86)\windows kits\10\include\10.0.10240.0\ucrt\stdlib.h(712): note: 参见“_ui64toa”的声明
f:\xhh工作日常\工作项目\mfc_laser\mfc_laser\mfc_laserdlg.cpp(3296): warning C4101: “FailTestFlag”: 未引用的局部变量
  SetRelative.cpp
f:\xhh工作日常\工作项目\mfc_laser\mfc_laser\resource.h(94): warning C4005: “IDC_NO”: 宏重定义
  c:\program files (x86)\microsoft sdks\windows\v7.1a\include\winuser.h(8839): note: 参见“IDC_NO”的前一个定义
  UnLock.cpp
f:\xhh工作日常\工作项目\mfc_laser\mfc_laser\resource.h(94): warning C4005: “IDC_NO”: 宏重定义
  c:\program files (x86)\microsoft sdks\windows\v7.1a\include\winuser.h(8839): note: 参见“IDC_NO”的前一个定义
  正在生成代码...
f:\xhh工作日常\工作项目\mfc_laser\mfc_laser\mfc_laserdlg.cpp(3631): warning C4700: 使用了未初始化的局部变量“haveBandIMEI”
f:\xhh工作日常\工作项目\mfc_laser\mfc_laser\laser.cpp(18): warning C4172: 返回局部变量或临时变量的地址: szBuff
f:\xhh工作日常\工作项目\mfc_laser\mfc_laser\adomanage.cpp(260): warning C4715: “ADOManage::GetIMEICurrentAndTemplate”: 不是所有的控件路径都返回值
f:\xhh工作日常\工作项目\mfc_laser\mfc_laser\adomanage.cpp(242): warning C4715: “ADOManage::GetIMEIByZhiDan”: 不是所有的控件路径都返回值
f:\xhh工作日常\工作项目\mfc_laser\mfc_laser\adomanage.cpp(323): warning C4715: “ADOManage::InsetrLdRecordParam”: 不是所有的控件路径都返回值
f:\xhh工作日常\工作项目\mfc_laser\mfc_laser\adomanage.cpp(360): warning C4715: “ADOManage::InsetrDZLdRecordParam”: 不是所有的控件路径都返回值
  MFC_Laser.vcxproj -> F:\xhh工作日常\工作项目\MFC_Laser\MFC_Laser\LaserBin\MFC_Laser.exe
