f:\版本库\laser\mfc_laser\mfc_laser\release\mfc_laser.pch
f:\版本库\laser\mfc_laser\mfc_laser\release\vc141.pdb
f:\版本库\laser\mfc_laser\mfc_laser\release\stdafx.obj
f:\版本库\laser\mfc_laser\mfc_laser\release\unlock.obj
f:\版本库\laser\mfc_laser\mfc_laser\release\setrelative.obj
f:\版本库\laser\mfc_laser\mfc_laser\release\mfc_laserdlg.obj
f:\版本库\laser\mfc_laser\mfc_laser\release\mfc_laser.obj
f:\版本库\laser\mfc_laser\mfc_laser\release\markezddll.obj
f:\版本库\laser\mfc_laser\mfc_laser\release\ldstartdlg.obj
f:\版本库\laser\mfc_laser\mfc_laser\release\laser.obj
f:\版本库\laser\mfc_laser\mfc_laser\release\inplaceedit.obj
f:\版本库\laser\mfc_laser\mfc_laser\release\inplacecombo.obj
f:\版本库\laser\mfc_laser\mfc_laser\release\dbconfig.obj
f:\版本库\laser\mfc_laser\mfc_laser\release\cunlockdlg.obj
f:\版本库\laser\mfc_laser\mfc_laser\release\cspreadsheet.obj
f:\版本库\laser\mfc_laser\mfc_laser\release\combolistctrl.obj
f:\版本库\laser\mfc_laser\mfc_laser\release\cmainwindow.obj
f:\版本库\laser\mfc_laser\mfc_laser\release\clogindlg.obj
f:\版本库\laser\mfc_laser\mfc_laser\release\cdz_laser.obj
f:\版本库\laser\mfc_laser\mfc_laser\release\autocombox.obj
f:\版本库\laser\mfc_laser\mfc_laser\release\adomanage.obj
f:\xhh工作日常\工作项目\mfc_laser\mfc_laser\laserbin\mfc_laser.exe
f:\xhh工作日常\工作项目\mfc_laser\mfc_laser\laserbin\mfc_laser.pdb
f:\版本库\laser\mfc_laser\mfc_laser\release\mfc_laser.res
f:\版本库\laser\mfc_laser\mfc_laser\release\msado15.tli
f:\版本库\laser\mfc_laser\mfc_laser\release\msado15.tlh
f:\版本库\laser\mfc_laser\mfc_laser\release\mfc_laser.tlog\cl.command.1.tlog
f:\版本库\laser\mfc_laser\mfc_laser\release\mfc_laser.tlog\cl.read.1.tlog
f:\版本库\laser\mfc_laser\mfc_laser\release\mfc_laser.tlog\cl.write.1.tlog
f:\版本库\laser\mfc_laser\mfc_laser\release\mfc_laser.tlog\link.command.1.tlog
f:\版本库\laser\mfc_laser\mfc_laser\release\mfc_laser.tlog\link.read.1.tlog
f:\版本库\laser\mfc_laser\mfc_laser\release\mfc_laser.tlog\link.write.1.tlog
f:\版本库\laser\mfc_laser\mfc_laser\release\mfc_laser.tlog\rc.command.1.tlog
f:\版本库\laser\mfc_laser\mfc_laser\release\mfc_laser.tlog\rc.read.1.tlog
f:\版本库\laser\mfc_laser\mfc_laser\release\mfc_laser.tlog\rc.write.1.tlog
